<?xml version="1.0" encoding="UTF-8"?>
<!-- Generated by org.testng.reporters.JUnitReportReporter -->
<testsuite hostname="Ekta" failures="0" tests="1" name="pageObjects.RoughTest" time="0.827" errors="0" timestamp="2024-05-02T12:31:36 EDT" skipped="0">
  <testcase classname="pageObjects.RoughTest" name="Test" time="0.827"/>
</testsuite> <!-- pageObjects.RoughTest -->
